<?xml version="1.0" encoding="UTF-8"?>
<testsuite xmlns:xsi="http://www.w3.org/2001/XMLSchema-instance" xsi:noNamespaceSchemaLocation="https://maven.apache.org/surefire/maven-surefire-plugin/xsd/surefire-test-report-3.0.xsd" version="3.0" name="TestSuite" time="66.794" tests="6" errors="0" skipped="0" failures="2">
  <properties>
[...]
</properties>
  <testcase name="feature[&quot;Enter text to be displayed&quot;, &quot;Optional[BrowserStack Echo Feature]&quot;, com.browserstack.webdriver.testng.ManagedWebDriver@65cd8c0b](1)" classname="com.browserstack.examples.tests.RunAppiumCucumberTests" time="28.634">
    <system-out><![CDATA[14:33:32.928 [TestNG-test=Cucumber Tests-1] DEBUG com.browserstack.webdriver.core.WebDriverFactory - Using capabilities configuration from FILE :: capabilities.yml
14:33:33.120 [TestNG-test=Cucumber Tests-1] DEBUG com.browserstack.webdriver.core.WebDriverFactory - Running tests on 2 active platforms.
14:33:33.413 [TestNG-PoolService-2] DEBUG com.browserstack.webdriver.core.WebDriverFactory - Initialising RemoteAppiumDriver with capabilities : Capabilities {app: bs://d2f69d525062af7e3d8346..., browserstack.appium_version: 1.21.0, browserstack.console: debug, browserstack.debug: true, browserstack.key: JNzsLXukmxpiaaCsBhSx, browserstack.networkLogs: true, browserstack.user: arvindr1, build: browserstack-examples-aa-cu..., device: iPhone 12, name: Enter text to be displayed ..., os_version: 14, project: BrowserStack Demo Repository}
14:33:33.413 [TestNG-PoolService-4] DEBUG com.browserstack.webdriver.core.WebDriverFactory - Initialising RemoteAppiumDriver with capabilities : Capabilities {app: bs://d2f69d525062af7e3d8346..., browserstack.appium_version: 1.21.0, browserstack.console: debug, browserstack.debug: true, browserstack.key: JNzsLXukmxpiaaCsBhSx, browserstack.networkLogs: true, browserstack.user: arvindr1, build: browserstack-examples-aa-cu..., device: iPhone 12, name: Login with valid username a..., os_version: 14, project: BrowserStack Demo Repository}
14:33:33.413 [TestNG-PoolService-1] DEBUG com.browserstack.webdriver.core.WebDriverFactory - Initialising RemoteAppiumDriver with capabilities : Capabilities {app: TheAppAndroid, browserstack.appium_version: 1.21.0, browserstack.console: debug, browserstack.debug: true, browserstack.key: JNzsLXukmxpiaaCsBhSx, browserstack.networkLogs: true, browserstack.user: arvindr1, build: browserstack-examples-aa-cu..., device: Google Pixel 4, name: Enter text to be displayed, os_version: 11, project: BrowserStack Demo Repository}
14:33:33.413 [TestNG-PoolService-5] DEBUG com.browserstack.webdriver.core.WebDriverFactory - Initialising RemoteAppiumDriver with capabilities : Capabilities {app: TheAppAndroid, browserstack.appium_version: 1.21.0, browserstack.console: debug, browserstack.debug: true, browserstack.key: JNzsLXukmxpiaaCsBhSx, browserstack.networkLogs: true, browserstack.user: arvindr1, build: browserstack-examples-aa-cu..., device: Google Pixel 4, name: Login with valid username a..., os_version: 11, project: BrowserStack Demo Repository}
14:33:33.413 [TestNG-PoolService-0] DEBUG com.browserstack.webdriver.core.WebDriverFactory - Initialising RemoteAppiumDriver with capabilities : Capabilities {app: bs://d2f69d525062af7e3d8346..., browserstack.appium_version: 1.21.0, browserstack.console: debug, browserstack.debug: true, browserstack.key: JNzsLXukmxpiaaCsBhSx, browserstack.networkLogs: true, browserstack.user: arvindr1, build: browserstack-examples-aa-cu..., device: iPhone 12, name: Enter text to be displayed, os_version: 14, project: BrowserStack Demo Repository}
14:33:33.413 [TestNG-PoolService-3] DEBUG com.browserstack.webdriver.core.WebDriverFactory - Initialising RemoteAppiumDriver with capabilities : Capabilities {app: TheAppAndroid, browserstack.appium_version: 1.21.0, browserstack.console: debug, browserstack.debug: true, browserstack.key: JNzsLXukmxpiaaCsBhSx, browserstack.networkLogs: true, browserstack.user: arvindr1, build: browserstack-examples-aa-cu..., device: Google Pixel 4, name: Enter text to be displayed ..., os_version: 11, project: BrowserStack Demo Repository}
14:33:59.460 [TestNG-PoolService-0] DEBUG com.browserstack.webdriver.testng.listeners.WebDriverListener - Script to execute:: browserstack_executor: {"action":"setSessionStatus","arguments":{"status":"passed","reason":"Test Passed"}}
]]></system-out>
    <system-err><![CDATA[Nov 19, 2021 2:33:52 PM io.appium.java_client.remote.AppiumCommandExecutor$1 lambda$0
INFO: Detected dialect: OSS
Nov 19, 2021 2:33:53 PM io.appium.java_client.remote.AppiumCommandExecutor$1 lambda$0
INFO: Detected dialect: OSS
Nov 19, 2021 2:33:59 PM io.appium.java_client.remote.AppiumCommandExecutor$1 lambda$0
INFO: Detected dialect: OSS
Nov 19, 2021 2:34:00 PM io.appium.java_client.remote.AppiumCommandExecutor$1 lambda$0
INFO: Detected dialect: OSS
Nov 19, 2021 2:34:01 PM io.appium.java_client.remote.AppiumCommandExecutor$1 lambda$0
INFO: Detected dialect: OSS
]]></system-err>
  </testcase>
  <testcase name="feature[&quot;Login with valid username and password&quot;, &quot;Optional[Login Feature]&quot;, com.browserstack.webdriver.testng.ManagedWebDriver@2a290c93](2)" classname="com.browserstack.examples.tests.RunAppiumCucumberTests" time="30.766">
    <system-out><![CDATA[14:34:01.843 [TestNG-PoolService-4] DEBUG com.browserstack.webdriver.testng.listeners.WebDriverListener - Script to execute:: browserstack_executor: {"action":"setSessionStatus","arguments":{"status":"passed","reason":"Test Passed"}}
]]></system-out>
  </testcase>
  <testcase name="feature[&quot;Enter text to be displayed on screen and fail scenario&quot;, &quot;Optional[BrowserStack Echo Fail Feature]&quot;, com.browserstack.webdriver.testng.ManagedWebDriver@17d1c144](5)" classname="com.browserstack.examples.tests.RunAppiumCucumberTests" time="34.702">
    <failure message="expected [This is not a BrowserStack Echo] but found [This is BrowserStack Echo]" type="java.lang.AssertionError"><![CDATA[java.lang.AssertionError: expected [This is not a BrowserStack Echo] but found [This is BrowserStack Echo]
]]></failure>
    <system-out><![CDATA[14:34:05.743 [TestNG-PoolService-1] DEBUG com.browserstack.webdriver.testng.listeners.WebDriverListener - Script to execute:: browserstack_executor: {"action":"setSessionStatus","arguments":{"status":"passed","reason":"Test Passed"}}
14:34:05.833 [TestNG-PoolService-3] DEBUG com.browserstack.webdriver.testng.listeners.WebDriverListener - Script to execute:: browserstack_executor: {"action":"setSessionStatus","arguments":{"status":"failed","reason":"java.lang.AssertionError: expected [This is not a BrowserStack Echo] but found [This is BrowserStack Echo]"}}
14:34:07.423 [TestNG-PoolService-2] DEBUG com.browserstack.webdriver.testng.listeners.WebDriverListener - Script to execute:: browserstack_executor: {"action":"setSessionStatus","arguments":{"status":"failed","reason":"java.lang.AssertionError: expected [This is not a BrowserStack Echo] but found [This is BrowserStack Echo]"}}
]]></system-out>
  </testcase>
  <testcase name="feature[&quot;Enter text to be displayed&quot;, &quot;Optional[BrowserStack Echo Feature]&quot;, com.browserstack.webdriver.testng.ManagedWebDriver@3cc654a1](5)" classname="com.browserstack.examples.tests.RunAppiumCucumberTests" time="34.702"/>
  <testcase name="feature[&quot;Enter text to be displayed on screen and fail scenario&quot;, &quot;Optional[BrowserStack Echo Fail Feature]&quot;, com.browserstack.webdriver.testng.ManagedWebDriver@65be55ec](5)" classname="com.browserstack.examples.tests.RunAppiumCucumberTests" time="36.623">
    <failure message="expected [This is not a BrowserStack Echo] but found [This is BrowserStack Echo]" type="java.lang.AssertionError"><![CDATA[java.lang.AssertionError: expected [This is not a BrowserStack Echo] but found [This is BrowserStack Echo]
]]></failure>
  </testcase>
  <testcase name="feature[&quot;Login with valid username and password&quot;, &quot;Optional[Login Feature]&quot;, com.browserstack.webdriver.testng.ManagedWebDriver@26bb2275](6)" classname="com.browserstack.examples.tests.RunAppiumCucumberTests" time="65.12">
    <system-out><![CDATA[14:34:35.945 [TestNG-PoolService-5] DEBUG com.browserstack.webdriver.testng.listeners.WebDriverListener - Script to execute:: browserstack_executor: {"action":"setSessionStatus","arguments":{"status":"passed","reason":"Test Passed"}}
]]></system-out>
    <system-err><![CDATA[Nov 19, 2021 2:34:30 PM io.appium.java_client.remote.AppiumCommandExecutor$1 lambda$0
INFO: Detected dialect: OSS
]]></system-err>
  </testcase>
</testsuite>