<?xml version="1.0" encoding="UTF-8"?>
<!-- Generated by org.testng.reporters.JUnitXMLReporter -->
<testsuite ignored="0" hostname="Arvind-Ramadurais-MacBook-Pro.local" failures="2" tests="6" name="Cucumber Tests" time="65.682" errors="0" timestamp="2021-11-19T14:34:38 IST">
  <testcase classname="com.browserstack.examples.tests.RunAppiumCucumberTests" name="feature" time="26.319"/>
  <testcase classname="com.browserstack.examples.tests.RunAppiumCucumberTests" name="feature" time="28.711"/>
  <testcase classname="com.browserstack.examples.tests.RunAppiumCucumberTests" name="feature" time="32.611"/>
  <testcase classname="com.browserstack.examples.tests.RunAppiumCucumberTests" name="feature" time="32.701">
    <failure type="java.lang.AssertionError" message="expected [This is not a BrowserStack Echo] but found [This is BrowserStack Echo]">
      <![CDATA[java.lang.AssertionError: expected [This is not a BrowserStack Echo] but found [This is BrowserStack Echo]
at com.browserstack.examples.stepdefs.EchoPageSteps.echoShouldSucceed(EchoPageSteps.java:29)
at ✽.it should pass and show message as "This is not a BrowserStack Echo"(classpath:features/echoFail.feature:9)
... Removed 5 stack frames]]>
    </failure>
  </testcase> <!-- feature -->
  <testcase classname="com.browserstack.examples.tests.RunAppiumCucumberTests" name="feature" time="34.291">
    <failure type="java.lang.AssertionError" message="expected [This is not a BrowserStack Echo] but found [This is BrowserStack Echo]">
      <![CDATA[java.lang.AssertionError: expected [This is not a BrowserStack Echo] but found [This is BrowserStack Echo]
at com.browserstack.examples.stepdefs.EchoPageSteps.echoShouldSucceed(EchoPageSteps.java:29)
at ✽.it should pass and show message as "This is not a BrowserStack Echo"(classpath:features/echoFail.feature:9)
... Removed 5 stack frames]]>
    </failure>
  </testcase> <!-- feature -->
  <testcase classname="com.browserstack.examples.tests.RunAppiumCucumberTests" name="feature" time="62.813"/>
</testsuite> <!-- Cucumber Tests -->
